<?xml version="1.0" encoding="UTF-8"?>
<!-- Generated by org.testng.reporters.JUnitReportReporter -->
<testsuite hostname="DESKTOP-EVK9GMC" failures="0" tests="1" name="com.ShoppingApplication.scripts.ProductDelivery" time="37.664" errors="0" timestamp="05 Jan 2021 10:18:10 GMT" skipped="0">
  <testcase classname="com.ShoppingApplication.scripts.ProductDelivery" name="Delivery" time="37.664"/>
</testsuite> <!-- com.ShoppingApplication.scripts.ProductDelivery -->
