<?xml version="1.0" encoding="UTF-8"?>
<!-- Generated by org.testng.reporters.JUnitReportReporter -->
<testsuite hostname="DESKTOP-EVK9GMC" failures="0" tests="1" name="com.ShoppingApplication.scripts.AddingProductCart" time="31.139" errors="0" timestamp="07 Jan 2021 09:28:11 GMT" skipped="0">
  <testcase classname="com.ShoppingApplication.scripts.AddingProductCart" name="addingProductcart" time="31.139"/>
</testsuite> <!-- com.ShoppingApplication.scripts.AddingProductCart -->
